  Assembling ReverseText.asm...
ReverseText.asm(36): error A2008: syntax error : FirstMenu
ReverseText.asm(37): error A2045: missing angle bracket or brace in literal
ReverseText.asm(38): error A2008: syntax error : POPUP
ReverseText.asm(39): error A2045: missing angle bracket or brace in literal
ReverseText.asm(40): error A2008: syntax error : MENUITEM
ReverseText.asm(41): error A2008: syntax error : MENUITEM
ReverseText.asm(42): error A2008: syntax error : MENUITEM
ReverseText.asm(43): error A2008: syntax error : MENUITEM
ReverseText.asm(44): error A2045: missing angle bracket or brace in literal
ReverseText.asm(45): error A2008: syntax error : MENUITEM
ReverseText.asm(46): error A2045: missing angle bracket or brace in literal
ReverseText.asm(47): error A2045: missing angle bracket or brace in literal
ReverseText.asm(48): error A2045: missing angle bracket or brace in literal
ReverseText.asm(49): error A2045: missing angle bracket or brace in literal
ReverseText.asm(50): error A2045: missing angle bracket or brace in literal
ReverseText.asm(51): error A2045: missing angle bracket or brace in literal
ReverseText.asm(52): error A2045: missing angle bracket or brace in literal
ReverseText.asm(53): error A2045: missing angle bracket or brace in literal
ReverseText.asm(54): error A2045: missing angle bracket or brace in literal
ReverseText.asm(55): error A2045: missing angle bracket or brace in literal
ReverseText.asm(56): error A2045: missing angle bracket or brace in literal
ReverseText.asm(57): error A2045: missing angle bracket or brace in literal
ReverseText.asm(58): error A2045: missing angle bracket or brace in literal
ReverseText.asm(59): error A2045: missing angle bracket or brace in literal
ReverseText.asm(60): error A2045: missing angle bracket or brace in literal
ReverseText.asm(61): error A2045: missing angle bracket or brace in literal
ReverseText.asm(62): error A2045: missing angle bracket or brace in literal
ReverseText.asm(63): error A2045: missing angle bracket or brace in literal
ReverseText.asm(64): error A2045: missing angle bracket or brace in literal
ReverseText.asm(65): error A2045: missing angle bracket or brace in literal
ReverseText.asm(66): error A2045: missing angle bracket or brace in literal
ReverseText.asm(67): error A2045: missing angle bracket or brace in literal
ReverseText.asm(68): error A2045: missing angle bracket or brace in literal
ReverseText.asm(69): error A2045: missing angle bracket or brace in literal
ReverseText.asm(70): error A2045: missing angle bracket or brace in literal
ReverseText.asm(71): error A2045: missing angle bracket or brace in literal
ReverseText.asm(72): error A2045: missing angle bracket or brace in literal
ReverseText.asm(73): error A2045: missing angle bracket or brace in literal
ReverseText.asm(74): error A2045: missing angle bracket or brace in literal
ReverseText.asm(75): error A2045: missing angle bracket or brace in literal
ReverseText.asm(76): error A2045: missing angle bracket or brace in literal
ReverseText.asm(77): error A2045: missing angle bracket or brace in literal
ReverseText.asm(78): error A2045: missing angle bracket or brace in literal
ReverseText.asm(79): error A2045: missing angle bracket or brace in literal
ReverseText.asm(80): error A2045: missing angle bracket or brace in literal
ReverseText.asm(81): error A2045: missing angle bracket or brace in literal
ReverseText.asm(82): error A2045: missing angle bracket or brace in literal
ReverseText.asm(83): error A2045: missing angle bracket or brace in literal
ReverseText.asm(84): error A2045: missing angle bracket or brace in literal
ReverseText.asm(85): error A2045: missing angle bracket or brace in literal
ReverseText.asm(86): error A2045: missing angle bracket or brace in literal
ReverseText.asm(87): error A2045: missing angle bracket or brace in literal
ReverseText.asm(88): error A2045: missing angle bracket or brace in literal
ReverseText.asm(89): error A2045: missing angle bracket or brace in literal
ReverseText.asm(90): error A2045: missing angle bracket or brace in literal
ReverseText.asm(91): error A2045: missing angle bracket or brace in literal
ReverseText.asm(92): error A2045: missing angle bracket or brace in literal
ReverseText.asm(93): error A2045: missing angle bracket or brace in literal
ReverseText.asm(94): error A2045: missing angle bracket or brace in literal
ReverseText.asm(95): error A2045: missing angle bracket or brace in literal
ReverseText.asm(96): error A2045: missing angle bracket or brace in literal
ReverseText.asm(97): error A2045: missing angle bracket or brace in literal
ReverseText.asm(98): error A2045: missing angle bracket or brace in literal
ReverseText.asm(99): error A2045: missing angle bracket or brace in literal
ReverseText.asm(100): error A2045: missing angle bracket or brace in literal
ReverseText.asm(101): error A2045: missing angle bracket or brace in literal
ReverseText.asm(102): error A2045: missing angle bracket or brace in literal
ReverseText.asm(103): error A2045: missing angle bracket or brace in literal
ReverseText.asm(104): error A2045: missing angle bracket or brace in literal
ReverseText.asm(105): error A2045: missing angle bracket or brace in literal
ReverseText.asm(106): error A2045: missing angle bracket or brace in literal
ReverseText.asm(107): error A2045: missing angle bracket or brace in literal
ReverseText.asm(108): error A2045: missing angle bracket or brace in literal
ReverseText.asm(109): error A2045: missing angle bracket or brace in literal
ReverseText.asm(110): error A2045: missing angle bracket or brace in literal
ReverseText.asm(111): error A2045: missing angle bracket or brace in literal
ReverseText.asm(112): error A2045: missing angle bracket or brace in literal
ReverseText.asm(113): error A2045: missing angle bracket or brace in literal
ReverseText.asm(114): error A2045: missing angle bracket or brace in literal
ReverseText.asm(115): error A2045: missing angle bracket or brace in literal
ReverseText.asm(116): error A2045: missing angle bracket or brace in literal
ReverseText.asm(117): error A2045: missing angle bracket or brace in literal
ReverseText.asm(118): error A2045: missing angle bracket or brace in literal
ReverseText.asm(119): error A2045: missing angle bracket or brace in literal
ReverseText.asm(120): error A2045: missing angle bracket or brace in literal
ReverseText.asm(121): error A2045: missing angle bracket or brace in literal
ReverseText.asm(122): error A2045: missing angle bracket or brace in literal
ReverseText.asm(123): error A2045: missing angle bracket or brace in literal
ReverseText.asm(124): error A2045: missing angle bracket or brace in literal
ReverseText.asm(125): error A2045: missing angle bracket or brace in literal
ReverseText.asm(126): error A2045: missing angle bracket or brace in literal
ReverseText.asm(127): error A2045: missing angle bracket or brace in literal
ReverseText.asm(128): error A2045: missing angle bracket or brace in literal
ReverseText.asm(129): error A2045: missing angle bracket or brace in literal
ReverseText.asm(130): error A2045: missing angle bracket or brace in literal
ReverseText.asm(131): error A2045: missing angle bracket or brace in literal
ReverseText.asm(132): error A2045: missing angle bracket or brace in literal
ReverseText.asm(133): error A2045: missing angle bracket or brace in literal
ReverseText.asm(134): error A2045: missing angle bracket or brace in literal
ReverseText.asm(135): error A2045: missing angle bracket or brace in literal
ReverseText.asm(136): fatal error A1012: error count exceeds 100; stopping assembly
C:\Program Files (x86)\Microsoft Visual Studio\2019\Community\MSBuild\Microsoft\VC\v160\BuildCustomizations\masm.targets(69,5): error MSB3721: The command "ml.exe /c /nologo /Zi /Fo"Debug\ReverseText.obj" /W3 /errorReport:prompt  /TaReverseText.asm" exited with code 1.
